<?xml version="1.0" encoding="UTF-8"?>
<!-- Generated by org.testng.reporters.JUnitReportReporter -->
<testsuite hostname="Anvesh" failures="0" tests="1" name="rahulshettyacademy.tests.ErrorValidationsTest" time="19.424" errors="0" timestamp="2023-07-10T10:12:13 IST" skipped="0">
  <testcase classname="rahulshettyacademy.tests.ErrorValidationsTest" name="LoginErrorValidation" time="19.424"/>
</testsuite> <!-- rahulshettyacademy.tests.ErrorValidationsTest -->
